<?xml version="1.0" encoding="UTF-8"?>
<testsuites name="User Collection 4" time="12.923" tests="7" failures="0" errors="0">
   <testsuite name="API Testing" tests="3" failures="0" errors="0" time="6.588" skipped="0" timestamp="31-07-2024T20:07:19" hostname="fajri - localhost" id="Test Suites/API Testing">
      <properties>
         <property name="deviceName" value=""/>
         <property name="devicePlatform"/>
         <property name="logFolder" value="/Users/fajri/git/katalon-API/Reports/20240731_200711/API Testing/20240731_200712"/>
         <property name="logFiles" value="/Users/fajri/git/katalon-API/Reports/20240731_200711/API Testing/20240731_200712/execution0.log"/>
         <property name="attachments" value=""/>
         <property name="hostName" value="fajri - localhost"/>
         <property name="hostAddress" value="127.0.0.1"/>
         <property name="os" value="Mac OS X 64bit"/>
         <property name="katalonVersion" value="9.5.0.217"/>
      </properties>
      <testcase name="Test Cases/REST_TEST1" time="1.756" classname="Test Cases/REST_TEST1" status="PASSED">
         <system-out><![CDATA[31-07-2024T20:07:19 - [TEST_CASE][PASSED] - Test Cases/REST_TEST1: Test Cases/REST_TEST1

31-07-2024T20:07:19 - [TEST_STEP][PASSED] - sendRequest(findTestObject("API/REST/Create User")): Send request successfully

31-07-2024T20:07:20 - [MESSAGE][INFO] - HAR: /Users/fajri/git/katalon-API/Reports/20240731_200711/API Testing/20240731_200712/requests/main/0.har

31-07-2024T20:07:20 - [MESSAGE][PASSED] - Send request successfully

31-07-2024T20:07:20 - [TEST_STEP][PASSED] - sendRequest(findTestObject("API/REST/Delete User")): Send request successfully

31-07-2024T20:07:20 - [MESSAGE][INFO] - HAR: /Users/fajri/git/katalon-API/Reports/20240731_200711/API Testing/20240731_200712/requests/main/1.har

31-07-2024T20:07:20 - [MESSAGE][PASSED] - Send request successfully

31-07-2024T20:07:20 - [TEST_STEP][PASSED] - sendRequest(findTestObject("API/REST/Get User")): Send request successfully

31-07-2024T20:07:20 - [MESSAGE][INFO] - HAR: /Users/fajri/git/katalon-API/Reports/20240731_200711/API Testing/20240731_200712/requests/main/2.har

31-07-2024T20:07:20 - [MESSAGE][PASSED] - Send request successfully]]></system-out>
         <system-err><![CDATA[]]></system-err>
      </testcase>
      <testcase name="Test Cases/SOAP_TEST1" time="4.277" classname="Test Cases/SOAP_TEST1" status="PASSED">
         <system-out><![CDATA[31-07-2024T20:07:20 - [TEST_CASE][PASSED] - Test Cases/SOAP_TEST1: Test Cases/SOAP_TEST1

31-07-2024T20:07:21 - [TEST_STEP][PASSED] - sendRequest(findTestObject("API/SOAP/AddInteger")): Send request successfully

31-07-2024T20:07:23 - [MESSAGE][INFO] - HAR: /Users/fajri/git/katalon-API/Reports/20240731_200711/API Testing/20240731_200712/requests/main/3.har

31-07-2024T20:07:23 - [MESSAGE][PASSED] - Send request successfully

31-07-2024T20:07:23 - [TEST_STEP][PASSED] - sendRequest(findTestObject("API/SOAP/DivideInteger")): Send request successfully

31-07-2024T20:07:23 - [MESSAGE][INFO] - HAR: /Users/fajri/git/katalon-API/Reports/20240731_200711/API Testing/20240731_200712/requests/main/4.har

31-07-2024T20:07:23 - [MESSAGE][PASSED] - Send request successfully

31-07-2024T20:07:23 - [TEST_STEP][PASSED] - sendRequest(findTestObject("API/SOAP/FindPerson")): Send request successfully

31-07-2024T20:07:24 - [MESSAGE][INFO] - HAR: /Users/fajri/git/katalon-API/Reports/20240731_200711/API Testing/20240731_200712/requests/main/5.har

31-07-2024T20:07:24 - [MESSAGE][PASSED] - Send request successfully

31-07-2024T20:07:24 - [TEST_STEP][PASSED] - sendRequest(findTestObject("API/SOAP/GetByName")): Send request successfully

31-07-2024T20:07:24 - [MESSAGE][INFO] - HAR: /Users/fajri/git/katalon-API/Reports/20240731_200711/API Testing/20240731_200712/requests/main/6.har

31-07-2024T20:07:24 - [MESSAGE][PASSED] - Send request successfully

31-07-2024T20:07:24 - [TEST_STEP][PASSED] - sendRequest(findTestObject("API/SOAP/GetDataSetByName")): Send request successfully

31-07-2024T20:07:24 - [MESSAGE][INFO] - HAR: /Users/fajri/git/katalon-API/Reports/20240731_200711/API Testing/20240731_200712/requests/main/7.har

31-07-2024T20:07:24 - [MESSAGE][PASSED] - Send request successfully

31-07-2024T20:07:24 - [TEST_STEP][PASSED] - sendRequest(findTestObject("API/SOAP/GetListByName")): Send request successfully

31-07-2024T20:07:25 - [MESSAGE][INFO] - HAR: /Users/fajri/git/katalon-API/Reports/20240731_200711/API Testing/20240731_200712/requests/main/8.har

31-07-2024T20:07:25 - [MESSAGE][PASSED] - Send request successfully]]></system-out>
         <system-err><![CDATA[]]></system-err>
      </testcase>
      <testcase name="Test Cases/APIVerification1" time="0.49" classname="Test Cases/APIVerification1" status="PASSED">
         <system-out><![CDATA[31-07-2024T20:07:25 - [TEST_CASE][PASSED] - Test Cases/APIVerification1: Test Cases/APIVerification1

31-07-2024T20:07:25 - [TEST_STEP][PASSED] - sendRequest(findTestObject("API/REST/Get List User")): Send request successfully

31-07-2024T20:07:25 - [MESSAGE][INFO] - HAR: /Users/fajri/git/katalon-API/Reports/20240731_200711/API Testing/20240731_200712/requests/main/9.har

31-07-2024T20:07:25 - [MESSAGE][PASSED] - Send request successfully

31-07-2024T20:07:25 - [TEST_STEP][PASSED] - response = sendRequestAndVerify(findTestObject("API/REST/Get List User")): Send request and verify the response successfully

31-07-2024T20:07:25 - [MESSAGE][INFO] - HAR: /Users/fajri/git/katalon-API/Reports/20240731_200711/API Testing/20240731_200712/requests/main/10.har

31-07-2024T20:07:25 - [TEST_CASE][PASSED] - Start Test Case : Verification: Verification accomplished successfully

31-07-2024T20:07:25 - [TEST_STEP][PASSED] - request = getInstance().getCurrentRequest(): null

31-07-2024T20:07:25 - [TEST_STEP][PASSED] - response = getInstance().getCurrentResponse(): null

31-07-2024T20:07:25 - [TEST_STEP][PASSED] - verifyResponseStatusCode(response, 200): Verify response status code successfully

31-07-2024T20:07:25 - [MESSAGE][PASSED] - Verify response status code successfully

31-07-2024T20:07:25 - [TEST_STEP][PASSED] - getStatusCode()).isEqualTo(200): null

31-07-2024T20:07:25 - [TEST_STEP][PASSED] - verifyElementPropertyValue(response, "data[2].first_name", "Emma"): Verify element property value successfully

31-07-2024T20:07:25 - [MESSAGE][PASSED] - Verify element property value successfully

31-07-2024T20:07:25 - [MESSAGE][PASSED] - Verify response successfully

31-07-2024T20:07:25 - [MESSAGE][PASSED] - All validation steps have been passed

31-07-2024T20:07:25 - [MESSAGE][PASSED] - Send request and verify the response successfully

31-07-2024T20:07:25 - [TEST_STEP][PASSED] - verifyElementPropertyValue(response, "data[2].first_name", "Emma"): Verify element property value successfully

31-07-2024T20:07:25 - [MESSAGE][PASSED] - Verify element property value successfully

31-07-2024T20:07:25 - [TEST_STEP][PASSED] - verifyElementsCount(response, "data", 6): Verify element count successfully

31-07-2024T20:07:25 - [MESSAGE][PASSED] - Verify element count successfully

31-07-2024T20:07:25 - [TEST_STEP][PASSED] - verifyResponseStatusCode(response, 200, STOP_ON_FAILURE): Verify response status code successfully

31-07-2024T20:07:25 - [MESSAGE][PASSED] - Verify response status code successfully

31-07-2024T20:07:25 - [TEST_STEP][PASSED] - verifyResponseStatusCodeInRange(response, 200, 204): Verify response status code successfully

31-07-2024T20:07:25 - [MESSAGE][PASSED] - Verify response status code successfully]]></system-out>
         <system-err><![CDATA[]]></system-err>
      </testcase>
      <system-out><![CDATA[31-07-2024T20:07:19 - [TEST_SUITE][PASSED] - API Testing: Test Cases/APIVerification1]]></system-out>
      <system-err><![CDATA[]]></system-err>
   </testsuite>
   <testsuite name="Get User Data" tests="2" failures="0" errors="0" time="1.053" skipped="0" timestamp="31-07-2024T20:07:27" hostname="fajri - localhost" id="Test Suites/Get User Data">
      <properties>
         <property name="deviceName" value=""/>
         <property name="devicePlatform"/>
         <property name="logFolder" value="/Users/fajri/git/katalon-API/Reports/20240731_200711/Get User Data/20240731_200714"/>
         <property name="logFiles" value="/Users/fajri/git/katalon-API/Reports/20240731_200711/Get User Data/20240731_200714/execution0.log"/>
         <property name="attachments" value=""/>
         <property name="hostName" value="fajri - localhost"/>
         <property name="hostAddress" value="127.0.0.1"/>
         <property name="os" value="Mac OS X 64bit"/>
         <property name="katalonVersion" value="9.5.0.217"/>
      </properties>
      <testcase name="Test Cases/Query User 20" time="0.891" classname="Test Cases/Query User 20" status="PASSED">
         <system-out><![CDATA[31-07-2024T20:07:27 - [TEST_CASE][PASSED] - Test Cases/Query User 20: Test Cases/Query User 20

31-07-2024T20:07:27 - [TEST_STEP][PASSED] - sendRequest(findTestObject("API/REST/Query User")): Send request successfully

31-07-2024T20:07:28 - [MESSAGE][INFO] - HAR: /Users/fajri/git/katalon-API/Reports/20240731_200711/Get User Data/20240731_200714/requests/main/0.har

31-07-2024T20:07:28 - [MESSAGE][PASSED] - Send request successfully]]></system-out>
         <system-err><![CDATA[]]></system-err>
      </testcase>
      <testcase name="Test Cases/Load User 16" time="0.101" classname="Test Cases/Load User 16" status="PASSED">
         <system-out><![CDATA[31-07-2024T20:07:28 - [TEST_CASE][PASSED] - Test Cases/Load User 16: Test Cases/Load User 16

31-07-2024T20:07:28 - [TEST_STEP][PASSED] - sendRequest(findTestObject("API/REST/Load User")): Send request successfully

31-07-2024T20:07:28 - [MESSAGE][INFO] - HAR: /Users/fajri/git/katalon-API/Reports/20240731_200711/Get User Data/20240731_200714/requests/main/1.har

31-07-2024T20:07:28 - [MESSAGE][PASSED] - Send request successfully]]></system-out>
         <system-err><![CDATA[]]></system-err>
      </testcase>
      <system-out><![CDATA[31-07-2024T20:07:27 - [TEST_SUITE][PASSED] - Get User Data: Test Cases/Load User 16]]></system-out>
      <system-err><![CDATA[]]></system-err>
   </testsuite>
   <testsuite name="User Bulk" tests="2" failures="0" errors="0" time="0.877" skipped="0" timestamp="31-07-2024T20:07:29" hostname="fajri - localhost" id="Test Suites/User Bulk">
      <properties>
         <property name="deviceName" value=""/>
         <property name="devicePlatform"/>
         <property name="logFolder" value="/Users/fajri/git/katalon-API/Reports/20240731_200711/User Bulk/20240731_200716"/>
         <property name="logFiles" value="/Users/fajri/git/katalon-API/Reports/20240731_200711/User Bulk/20240731_200716/execution0.log"/>
         <property name="attachments" value=""/>
         <property name="hostName" value="fajri - localhost"/>
         <property name="hostAddress" value="127.0.0.1"/>
         <property name="os" value="Mac OS X 64bit"/>
         <property name="katalonVersion" value="9.5.0.217"/>
      </properties>
      <testcase name="Test Cases/Get User 13" time="0.735" classname="Test Cases/Get User 13" status="PASSED">
         <system-out><![CDATA[31-07-2024T20:07:29 - [TEST_CASE][PASSED] - Test Cases/Get User 13: Test Cases/Get User 13

31-07-2024T20:07:29 - [TEST_STEP][PASSED] - sendRequest(findTestObject("API/REST/Get User")): Send request successfully

31-07-2024T20:07:30 - [MESSAGE][INFO] - HAR: /Users/fajri/git/katalon-API/Reports/20240731_200711/User Bulk/20240731_200716/requests/main/0.har

31-07-2024T20:07:30 - [MESSAGE][PASSED] - Send request successfully]]></system-out>
         <system-err><![CDATA[]]></system-err>
      </testcase>
      <testcase name="Test Cases/Access User 7" time="0.084" classname="Test Cases/Access User 7" status="PASSED">
         <system-out><![CDATA[31-07-2024T20:07:30 - [TEST_CASE][PASSED] - Test Cases/Access User 7: Test Cases/Access User 7

31-07-2024T20:07:30 - [TEST_STEP][PASSED] - sendRequest(findTestObject("API/REST/Access User")): Send request successfully

31-07-2024T20:07:30 - [MESSAGE][INFO] - HAR: /Users/fajri/git/katalon-API/Reports/20240731_200711/User Bulk/20240731_200716/requests/main/1.har

31-07-2024T20:07:30 - [MESSAGE][PASSED] - Send request successfully]]></system-out>
         <system-err><![CDATA[]]></system-err>
      </testcase>
      <system-out><![CDATA[31-07-2024T20:07:29 - [TEST_SUITE][PASSED] - User Bulk: Test Cases/Access User 7]]></system-out>
      <system-err><![CDATA[]]></system-err>
   </testsuite>
</testsuites>
