<?xml version="1.0" encoding="UTF-8"?>
<testsuites name="API Testing" time="9.781" tests="3" failures="0" errors="0">
   <testsuite name="API Testing" tests="3" failures="0" errors="0" time="9.781" skipped="0" timestamp="29-06-2024T23:05:44" hostname="fajri - localhost" id="Test Suites/API Testing">
      <properties>
         <property name="deviceName" value=""/>
         <property name="devicePlatform"/>
         <property name="logFolder" value="/Users/fajri/git/katalon-API/Reports/20240629_230543/API Testing/20240629_230543"/>
         <property name="logFiles" value="/Users/fajri/git/katalon-API/Reports/20240629_230543/API Testing/20240629_230543/execution0.log"/>
         <property name="attachments" value=""/>
         <property name="hostName" value="fajri - localhost"/>
         <property name="hostAddress" value="127.0.0.1"/>
         <property name="os" value="Mac OS X 64bit"/>
         <property name="katalonVersion" value="9.5.0.217"/>
      </properties>
      <testcase name="Test Cases/REST_TEST1" time="2.285" classname="Test Cases/REST_TEST1" status="PASSED">
         <system-out><![CDATA[29-06-2024T23:05:44 - [TEST_CASE][PASSED] - Test Cases/REST_TEST1: Test Cases/REST_TEST1

29-06-2024T23:05:44 - [TEST_STEP][PASSED] - sendRequest(findTestObject("API/REST/Create User")): Send request successfully

29-06-2024T23:05:46 - [MESSAGE][INFO] - HAR: /Users/fajri/git/katalon-API/Reports/20240629_230543/API Testing/20240629_230543/requests/main/0.har

29-06-2024T23:05:46 - [MESSAGE][PASSED] - Send request successfully

29-06-2024T23:05:46 - [TEST_STEP][PASSED] - sendRequest(findTestObject("API/REST/Delete User")): Send request successfully

29-06-2024T23:05:46 - [MESSAGE][INFO] - HAR: /Users/fajri/git/katalon-API/Reports/20240629_230543/API Testing/20240629_230543/requests/main/1.har

29-06-2024T23:05:46 - [MESSAGE][PASSED] - Send request successfully

29-06-2024T23:05:46 - [TEST_STEP][PASSED] - sendRequest(findTestObject("API/REST/Get User")): Send request successfully

29-06-2024T23:05:46 - [MESSAGE][INFO] - HAR: /Users/fajri/git/katalon-API/Reports/20240629_230543/API Testing/20240629_230543/requests/main/2.har

29-06-2024T23:05:46 - [MESSAGE][PASSED] - Send request successfully]]></system-out>
         <system-err><![CDATA[]]></system-err>
      </testcase>
      <testcase name="Test Cases/SOAP_TEST1" time="6.856" classname="Test Cases/SOAP_TEST1" status="PASSED">
         <system-out><![CDATA[29-06-2024T23:05:46 - [TEST_CASE][PASSED] - Test Cases/SOAP_TEST1: Test Cases/SOAP_TEST1

29-06-2024T23:05:46 - [TEST_STEP][PASSED] - sendRequest(findTestObject("API/SOAP/AddInteger")): Send request successfully

29-06-2024T23:05:51 - [MESSAGE][INFO] - HAR: /Users/fajri/git/katalon-API/Reports/20240629_230543/API Testing/20240629_230543/requests/main/3.har

29-06-2024T23:05:51 - [MESSAGE][PASSED] - Send request successfully

29-06-2024T23:05:51 - [TEST_STEP][PASSED] - sendRequest(findTestObject("API/SOAP/DivideInteger")): Send request successfully

29-06-2024T23:05:51 - [MESSAGE][INFO] - HAR: /Users/fajri/git/katalon-API/Reports/20240629_230543/API Testing/20240629_230543/requests/main/4.har

29-06-2024T23:05:51 - [MESSAGE][PASSED] - Send request successfully

29-06-2024T23:05:51 - [TEST_STEP][PASSED] - sendRequest(findTestObject("API/SOAP/FindPerson")): Send request successfully

29-06-2024T23:05:52 - [MESSAGE][INFO] - HAR: /Users/fajri/git/katalon-API/Reports/20240629_230543/API Testing/20240629_230543/requests/main/5.har

29-06-2024T23:05:52 - [MESSAGE][PASSED] - Send request successfully

29-06-2024T23:05:52 - [TEST_STEP][PASSED] - sendRequest(findTestObject("API/SOAP/GetByName")): Send request successfully

29-06-2024T23:05:52 - [MESSAGE][INFO] - HAR: /Users/fajri/git/katalon-API/Reports/20240629_230543/API Testing/20240629_230543/requests/main/6.har

29-06-2024T23:05:52 - [MESSAGE][PASSED] - Send request successfully

29-06-2024T23:05:52 - [TEST_STEP][PASSED] - sendRequest(findTestObject("API/SOAP/GetDataSetByName")): Send request successfully

29-06-2024T23:05:53 - [MESSAGE][INFO] - HAR: /Users/fajri/git/katalon-API/Reports/20240629_230543/API Testing/20240629_230543/requests/main/7.har

29-06-2024T23:05:53 - [MESSAGE][PASSED] - Send request successfully

29-06-2024T23:05:53 - [TEST_STEP][PASSED] - sendRequest(findTestObject("API/SOAP/GetListByName")): Send request successfully

29-06-2024T23:05:53 - [MESSAGE][INFO] - HAR: /Users/fajri/git/katalon-API/Reports/20240629_230543/API Testing/20240629_230543/requests/main/8.har

29-06-2024T23:05:53 - [MESSAGE][PASSED] - Send request successfully]]></system-out>
         <system-err><![CDATA[]]></system-err>
      </testcase>
      <testcase name="Test Cases/APIVerification1" time="0.573" classname="Test Cases/APIVerification1" status="PASSED">
         <system-out><![CDATA[29-06-2024T23:05:53 - [TEST_CASE][PASSED] - Test Cases/APIVerification1: Test Cases/APIVerification1

29-06-2024T23:05:53 - [TEST_STEP][PASSED] - sendRequest(findTestObject("API/REST/Get List User")): Send request successfully

29-06-2024T23:05:53 - [MESSAGE][INFO] - HAR: /Users/fajri/git/katalon-API/Reports/20240629_230543/API Testing/20240629_230543/requests/main/9.har

29-06-2024T23:05:53 - [MESSAGE][PASSED] - Send request successfully

29-06-2024T23:05:53 - [TEST_STEP][PASSED] - sendRequestAndVerify(findTestObject("API/REST/Get List User")): Send request and verify the response successfully

29-06-2024T23:05:53 - [MESSAGE][INFO] - HAR: /Users/fajri/git/katalon-API/Reports/20240629_230543/API Testing/20240629_230543/requests/main/10.har

29-06-2024T23:05:54 - [TEST_CASE][PASSED] - Start Test Case : Verification: Verification accomplished successfully

29-06-2024T23:05:54 - [TEST_STEP][PASSED] - request = getInstance().getCurrentRequest(): null

29-06-2024T23:05:54 - [TEST_STEP][PASSED] - response = getInstance().getCurrentResponse(): null

29-06-2024T23:05:54 - [TEST_STEP][PASSED] - verifyResponseStatusCode(response, 200): Verify response status code successfully

29-06-2024T23:05:54 - [MESSAGE][PASSED] - Verify response status code successfully

29-06-2024T23:05:54 - [TEST_STEP][PASSED] - getStatusCode()).isEqualTo(200): null

29-06-2024T23:05:54 - [TEST_STEP][PASSED] - verifyElementPropertyValue(response, "data[2].first_name", "Emma"): Verify element property value successfully

29-06-2024T23:05:54 - [MESSAGE][PASSED] - Verify element property value successfully

29-06-2024T23:05:54 - [MESSAGE][PASSED] - Verify response successfully

29-06-2024T23:05:54 - [MESSAGE][PASSED] - All validation steps have been passed

29-06-2024T23:05:54 - [MESSAGE][PASSED] - Send request and verify the response successfully]]></system-out>
         <system-err><![CDATA[]]></system-err>
      </testcase>
      <system-out><![CDATA[29-06-2024T23:05:44 - [TEST_SUITE][PASSED] - API Testing: Test Cases/APIVerification1]]></system-out>
      <system-err><![CDATA[]]></system-err>
   </testsuite>
</testsuites>
